[debug] [2022-03-28T14:36:16.414Z] ----------------------------------------------------------------------
[debug] [2022-03-28T14:36:16.417Z] Command:       I:\node.exe C:\Users\Jae\AppData\Roaming\npm\node_modules\firebase-tools\lib\bin\firebase.js deploy
[debug] [2022-03-28T14:36:16.417Z] CLI Version:   10.5.0
[debug] [2022-03-28T14:36:16.417Z] Platform:      win32
[debug] [2022-03-28T14:36:16.417Z] Node Version:  v16.14.2
[debug] [2022-03-28T14:36:16.420Z] Time:          Mon Mar 28 2022 23:36:16 GMT+0900 (대한민국 표준시)
[debug] [2022-03-28T14:36:16.420Z] ----------------------------------------------------------------------
[debug] 
[debug] [2022-03-28T14:36:16.535Z] > command requires scopes: ["email","openid","https://www.googleapis.com/auth/cloudplatformprojects.readonly","https://www.googleapis.com/auth/firebase","https://www.googleapis.com/auth/cloud-platform"]
[debug] [2022-03-28T14:36:16.536Z] > authorizing via signed-in user (blueblue50629@gmail.com)
[debug] [2022-03-28T14:36:16.536Z] [iam] checking project rm-cal for permissions ["firebase.projects.get","firebasehosting.sites.update"]
[debug] [2022-03-28T14:36:16.539Z] >>> [apiv2][query] POST https://cloudresourcemanager.googleapis.com/v1/projects/rm-cal:testIamPermissions [none]
[debug] [2022-03-28T14:36:16.539Z] >>> [apiv2][body] POST https://cloudresourcemanager.googleapis.com/v1/projects/rm-cal:testIamPermissions {"permissions":["firebase.projects.get","firebasehosting.sites.update"]}
[debug] [2022-03-28T14:36:17.334Z] <<< [apiv2][status] POST https://cloudresourcemanager.googleapis.com/v1/projects/rm-cal:testIamPermissions 200
[debug] [2022-03-28T14:36:17.334Z] <<< [apiv2][body] POST https://cloudresourcemanager.googleapis.com/v1/projects/rm-cal:testIamPermissions {"permissions":["firebase.projects.get","firebasehosting.sites.update"]}
[debug] [2022-03-28T14:36:17.337Z] >>> [apiv2][query] GET https://firebase.googleapis.com/v1beta1/projects/rm-cal [none]
[debug] [2022-03-28T14:36:17.750Z] <<< [apiv2][status] GET https://firebase.googleapis.com/v1beta1/projects/rm-cal 200
[debug] [2022-03-28T14:36:17.750Z] <<< [apiv2][body] GET https://firebase.googleapis.com/v1beta1/projects/rm-cal {"projectId":"rm-cal","projectNumber":"575034816656","displayName":"1RM-CAL","name":"projects/rm-cal","resources":{"hostingSite":"rm-cal","realtimeDatabaseInstance":"rm-cal-default-rtdb"},"state":"ACTIVE"}
[info] 
[info] === Deploying to 'rm-cal'...
[info] 
[info] i  deploying hosting 
[debug] [2022-03-28T14:36:17.754Z] >>> [apiv2][query] GET https://firebase.googleapis.com/v1beta1/projects/rm-cal [none]
[debug] [2022-03-28T14:36:18.220Z] <<< [apiv2][status] GET https://firebase.googleapis.com/v1beta1/projects/rm-cal 200
[debug] [2022-03-28T14:36:18.220Z] <<< [apiv2][body] GET https://firebase.googleapis.com/v1beta1/projects/rm-cal {"projectId":"rm-cal","projectNumber":"575034816656","displayName":"1RM-CAL","name":"projects/rm-cal","resources":{"hostingSite":"rm-cal","realtimeDatabaseInstance":"rm-cal-default-rtdb"},"state":"ACTIVE"}
[debug] [2022-03-28T14:36:18.223Z] >>> [apiv2][query] POST https://firebasehosting.googleapis.com/v1beta1/projects/575034816656/sites/rm-cal/versions [none]
[debug] [2022-03-28T14:36:18.223Z] >>> [apiv2][body] POST https://firebasehosting.googleapis.com/v1beta1/projects/575034816656/sites/rm-cal/versions {"config":{},"labels":{"deployment-tool":"cli-firebase"}}
[debug] [2022-03-28T14:36:19.455Z] <<< [apiv2][status] POST https://firebasehosting.googleapis.com/v1beta1/projects/575034816656/sites/rm-cal/versions 500
[debug] [2022-03-28T14:36:19.455Z] <<< [apiv2][body] POST https://firebasehosting.googleapis.com/v1beta1/projects/575034816656/sites/rm-cal/versions {"error":{"code":500,"message":"Internal error encountered.","status":"INTERNAL"}}
[error] 
[error] Error: HTTP Error: 500, Internal error encountered.
[debug] [2022-03-28T14:36:19.728Z] Error Context: {
  "body": {
    "error": {
      "code": 500,
      "message": "Internal error encountered.",
      "status": "INTERNAL"
    }
  },
  "response": {
    "statusCode": 500
  }
}
